<?xml version="1.0" encoding="UTF-8"?>
<testng-results ignored="0" total="1" passed="1" failed="0" skipped="0">
  <reporter-output>
  </reporter-output>
  <suite started-at="2026-07-21T15:37:51 PDT" name="Default suite" finished-at="2026-07-21T15:38:08 PDT" duration-ms="16804">
    <groups>
    </groups>
    <test started-at="2026-07-21T15:37:51 PDT" name="Default test" finished-at="2026-07-21T15:38:08 PDT" duration-ms="16804">
      <class name="nexusPulse.PayFees">
        <test-method signature="payFees()[pri:0, instance:nexusPulse.PayFees@1bb5a082]" started-at="2026-07-21T15:37:51 PDT" name="payFees" finished-at="2026-07-21T15:38:08 PDT" duration-ms="16685" status="PASS">
          <reporter-output>
          </reporter-output>
        </test-method> <!-- payFees -->
      </class> <!-- nexusPulse.PayFees -->
    </test> <!-- Default test -->
  </suite> <!-- Default suite -->
</testng-results>
