<?xml version="1.0" encoding="UTF-8"?>
<testng-results ignored="0" total="1" passed="1" failed="0" skipped="0">
  <reporter-output>
  </reporter-output>
  <suite started-at="2026-09-25T09:29:15 PDT" name="Suite" finished-at="2026-09-25T09:29:25 PDT" duration-ms="10487">
    <groups>
    </groups>
    <test started-at="2026-09-25T09:29:15 PDT" name="Test" finished-at="2026-09-25T09:29:25 PDT" duration-ms="10487">
      <class name="nexusPulse.TestMessages">
        <test-method is-config="true" signature="loadProperties()[pri:0, instance:nexusPulse.TestMessages@79079097]" started-at="2026-09-25T09:29:15 PDT" name="loadProperties" finished-at="2026-09-25T09:29:15 PDT" duration-ms="24" status="PASS">
          <reporter-output>
          </reporter-output>
        </test-method> <!-- loadProperties -->
        <test-method is-config="true" signature="instantiateDriver()[pri:0, instance:nexusPulse.TestMessages@79079097]" started-at="2026-09-25T09:29:15 PDT" name="instantiateDriver" finished-at="2026-09-25T09:29:22 PDT" duration-ms="7494" status="PASS">
          <reporter-output>
          </reporter-output>
        </test-method> <!-- instantiateDriver -->
        <test-method is-config="true" signature="setup()[pri:0, instance:nexusPulse.TestMessages@79079097]" started-at="2026-09-25T09:29:22 PDT" name="setup" finished-at="2026-09-25T09:29:24 PDT" duration-ms="1728" status="PASS">
          <reporter-output>
          </reporter-output>
        </test-method> <!-- setup -->
        <test-method signature="testSendMessage()[pri:0, instance:nexusPulse.TestMessages@79079097]" started-at="2026-09-25T09:29:24 PDT" name="testSendMessage" finished-at="2026-09-25T09:29:25 PDT" duration-ms="847" status="PASS">
          <reporter-output>
          </reporter-output>
        </test-method> <!-- testSendMessage -->
      </class> <!-- nexusPulse.TestMessages -->
    </test> <!-- Test -->
  </suite> <!-- Suite -->
</testng-results>
